# JRE version: OpenJDK Runtime Environment (8.0_152-b06) (build 1.8.0_152-release-1136-b06)
# Java VM: OpenJDK 64-Bit Server VM (25.152-b06 mixed mode windows-amd64 compressed oops)
Heap:
 PSYoungGen      total 438784K, used 340710K [0x00000000e0000000, 0x00000000ffe00000, 0x0000000100000000)
  eden space 359424K, 93% used [0x00000000e0000000,0x00000000f477b078,0x00000000f5f00000)
  from space 79360K, 6% used [0x00000000fb080000,0x00000000fb5bead0,0x00000000ffe00000)
  to   space 81408K, 0% used [0x00000000f5f00000,0x00000000f5f00000,0x00000000fae80000)
 ParOldGen       total 215040K, used 62348K [0x00000000a0000000, 0x00000000ad200000, 0x00000000e0000000)
  object space 215040K, 28% used [0x00000000a0000000,0x00000000a3ce3040,0x00000000ad200000)
 Metaspace       used 94341K, capacity 100182K, committed 100480K, reserved 1136640K
  class space    used 11726K, capacity 12835K, committed 12928K, reserved 1048576K
GC Heap History (10 events):
Event: 1135.857 GC heap before
{Heap before GC invocations=33 (full 5):
 PSYoungGen      total 370688K, used 293456K [0x00000000e0000000, 0x00000000ffe00000, 0x0000000100000000)
  eden space 286720K, 100% used [0x00000000e0000000,0x00000000f1800000,0x00000000f1800000)
  from space 83968K, 8% used [0x00000000f1800000,0x00000000f1e943a8,0x00000000f6a00000)
  to   space 83968K, 0% used [0x00000000fac00000,0x00000000fac00000,0x00000000ffe00000)
 ParOldGen       total 215040K, used 59799K [0x00000000a0000000, 0x00000000ad200000, 0x00000000e0000000)
  object space 215040K, 27% used [0x00000000a0000000,0x00000000a3a65ed8,0x00000000ad200000)
 Metaspace       used 89347K, capacity 93494K, committed 95616K, reserved 1132544K
  class space    used 11178K, capacity 11972K, committed 12416K, reserved 1048576K
Event: 1135.898 GC heap after
Heap after GC invocations=33 (full 5):
 PSYoungGen      total 423936K, used 68331K [0x00000000e0000000, 0x0000000100000000, 0x0000000100000000)
  eden space 339968K, 0% used [0x00000000e0000000,0x00000000e0000000,0x00000000f4c00000)
  from space 83968K, 81% used [0x00000000fac00000,0x00000000feebaed0,0x00000000ffe00000)
  to   space 92160K, 0% used [0x00000000f4c00000,0x00000000f4c00000,0x00000000fa600000)
 ParOldGen       total 215040K, used 59807K [0x00000000a0000000, 0x00000000ad200000, 0x00000000e0000000)
  object space 215040K, 27% used [0x00000000a0000000,0x00000000a3a67ed8,0x00000000ad200000)
 Metaspace       used 89347K, capacity 93494K, committed 95616K, reserved 1132544K
  class space    used 11178K, capacity 11972K, committed 12416K, reserved 1048576K
}
Event: 1306.465 GC heap before
{Heap before GC invocations=34 (full 5):
 PSYoungGen      total 423936K, used 408299K [0x00000000e0000000, 0x0000000100000000, 0x0000000100000000)
  eden space 339968K, 100% used [0x00000000e0000000,0x00000000f4c00000,0x00000000f4c00000)
  from space 83968K, 81% used [0x00000000fac00000,0x00000000feebaed0,0x00000000ffe00000)
  to   space 92160K, 0% used [0x00000000f4c00000,0x00000000f4c00000,0x00000000fa600000)
 ParOldGen       total 215040K, used 59807K [0x00000000a0000000, 0x00000000ad200000, 0x00000000e0000000)
  object space 215040K, 27% used [0x00000000a0000000,0x00000000a3a67ed8,0x00000000ad200000)
 Metaspace       used 90436K, capacity 94626K, committed 95616K, reserved 1132544K
  class space    used 11257K, capacity 12082K, committed 12416K, reserved 1048576K
Event: 1306.486 GC heap after
Heap after GC invocations=34 (full 5):
 PSYoungGen      total 432128K, used 40094K [0x00000000e0000000, 0x0000000100000000, 0x0000000100000000)
  eden space 339968K, 0% used [0x00000000e0000000,0x00000000e0000000,0x00000000f4c00000)
  from space 92160K, 43% used [0x00000000f4c00000,0x00000000f73278e8,0x00000000fa600000)
  to   space 88064K, 0% used [0x00000000faa00000,0x00000000faa00000,0x0000000100000000)
 ParOldGen       total 215040K, used 59815K [0x00000000a0000000, 0x00000000ad200000, 0x00000000e0000000)
  object space 215040K, 27% used [0x00000000a0000000,0x00000000a3a69ed8,0x00000000ad200000)
 Metaspace       used 90436K, capacity 94626K, committed 95616K, reserved 1132544K
  class space    used 11257K, capacity 12082K, committed 12416K, reserved 1048576K
}
Event: 1573.099 GC heap before
{Heap before GC invocations=35 (full 5):
 PSYoungGen      total 432128K, used 380062K [0x00000000e0000000, 0x0000000100000000, 0x0000000100000000)
  eden space 339968K, 100% used [0x00000000e0000000,0x00000000f4c00000,0x00000000f4c00000)
  from space 92160K, 43% used [0x00000000f4c00000,0x00000000f73278e8,0x00000000fa600000)
  to   space 88064K, 0% used [0x00000000faa00000,0x00000000faa00000,0x0000000100000000)
 ParOldGen       total 215040K, used 59815K [0x00000000a0000000, 0x00000000ad200000, 0x00000000e0000000)
  object space 215040K, 27% used [0x00000000a0000000,0x00000000a3a69ed8,0x00000000ad200000)
 Metaspace       used 90873K, capacity 95200K, committed 95872K, reserved 1132544K
  class space    used 11295K, capacity 12123K, committed 12416K, reserved 1048576K
Event: 1573.118 GC heap after
Heap after GC invocations=35 (full 5):
 PSYoungGen      total 418816K, used 34079K [0x00000000e0000000, 0x00000000ff300000, 0x0000000100000000)
  eden space 344064K, 0% used [0x00000000e0000000,0x00000000e0000000,0x00000000f5000000)
  from space 74752K, 45% used [0x00000000faa00000,0x00000000fcb47dd0,0x00000000ff300000)
  to   space 83456K, 0% used [0x00000000f5000000,0x00000000f5000000,0x00000000fa180000)
 ParOldGen       total 215040K, used 61700K [0x00000000a0000000, 0x00000000ad200000, 0x00000000e0000000)
  object space 215040K, 28% used [0x00000000a0000000,0x00000000a3c41020,0x00000000ad200000)
 Metaspace       used 90873K, capacity 95200K, committed 95872K, reserved 1132544K
  class space    used 11295K, capacity 12123K, committed 12416K, reserved 1048576K
}
Event: 1803.092 GC heap before
{Heap before GC invocations=36 (full 5):
 PSYoungGen      total 418816K, used 378143K [0x00000000e0000000, 0x00000000ff300000, 0x0000000100000000)
  eden space 344064K, 100% used [0x00000000e0000000,0x00000000f5000000,0x00000000f5000000)
  from space 74752K, 45% used [0x00000000faa00000,0x00000000fcb47dd0,0x00000000ff300000)
  to   space 83456K, 0% used [0x00000000f5000000,0x00000000f5000000,0x00000000fa180000)
 ParOldGen       total 215040K, used 61700K [0x00000000a0000000, 0x00000000ad200000, 0x00000000e0000000)
  object space 215040K, 28% used [0x00000000a0000000,0x00000000a3c41020,0x00000000ad200000)
 Metaspace       used 91622K, capacity 95904K, committed 96128K, reserved 1132544K
  class space    used 11351K, capacity 12230K, committed 12416K, reserved 1048576K
Event: 1803.106 GC heap after
Heap after GC invocations=36 (full 5):
 PSYoungGen      total 427520K, used 20473K [0x00000000e0000000, 0x0000000100000000, 0x0000000100000000)
  eden space 344064K, 0% used [0x00000000e0000000,0x00000000e0000000,0x00000000f5000000)
  from space 83456K, 24% used [0x00000000f5000000,0x00000000f63fe450,0x00000000fa180000)
  to   space 81408K, 0% used [0x00000000fb080000,0x00000000fb080000,0x0000000100000000)
 ParOldGen       total 215040K, used 62036K [0x00000000a0000000, 0x00000000ad200000, 0x00000000e0000000)
  object space 215040K, 28% used [0x00000000a0000000,0x00000000a3c95030,0x00000000ad200000)
 Metaspace       used 91622K, capacity 95904K, committed 96128K, reserved 1132544K
  class space    used 11351K, capacity 12230K, committed 12416K, reserved 1048576K
}
Event: 2286.846 GC heap before
{Heap before GC invocations=37 (full 5):
 PSYoungGen      total 427520K, used 364537K [0x00000000e0000000, 0x0000000100000000, 0x0000000100000000)
  eden space 344064K, 100% used [0x00000000e0000000,0x00000000f5000000,0x00000000f5000000)
  from space 83456K, 24% used [0x00000000f5000000,0x00000000f63fe450,0x00000000fa180000)
  to   space 81408K, 0% used [0x00000000fb080000,0x00000000fb080000,0x0000000100000000)
 ParOldGen       total 215040K, used 62036K [0x00000000a0000000, 0x00000000ad200000, 0x00000000e0000000)
  object space 215040K, 28% used [0x00000000a0000000,0x00000000a3c95030,0x00000000ad200000)
 Metaspace       used 92362K, capacity 96570K, committed 96896K, reserved 1134592K
  class space    used 11416K, capacity 12297K, committed 12416K, reserved 1048576K
Event: 2286.856 GC heap after
Heap after GC invocations=37 (full 5):
 PSYoungGen      total 438784K, used 5370K [0x00000000e0000000, 0x00000000ffe00000, 0x0000000100000000)
  eden space 359424K, 0% used [0x00000000e0000000,0x00000000e0000000,0x00000000f5f00000)
  from space 79360K, 6% used [0x00000000fb080000,0x00000000fb5bead0,0x00000000ffe00000)
  to   space 81408K, 0% used [0x00000000f5f00000,0x00000000f5f00000,0x00000000fae80000)
 ParOldGen       total 215040K, used 62348K [0x00000000a0000000, 0x00000000ad200000, 0x00000000e0000000)
  object space 215040K, 28% used [0x00000000a0000000,0x00000000a3ce3040,0x00000000ad200000)
 Metaspace       used 92362K, capacity 96570K, committed 96896K, reserved 1134592K
  class space    used 11416K, capacity 12297K, committed 12416K, reserved 1048576K
}

